{
  "RSpec": {
    "coverage": {
      "/Users/cassieachzenick/turing/mod2/projects/adopt-dont-shop-solo/adopt_dont_shop/config/environment.rb": {
        "lines": [
          null,
          1,
          null,
          null,
          1
        ]
      },
      "/Users/cassieachzenick/turing/mod2/projects/adopt-dont-shop-solo/adopt_dont_shop/config/application.rb": {
        "lines": [
          1,
          null,
          1,
          null,
          1,
          1,
          1,
          1,
          1,
          1,
          1,
          1,
          null,
          null,
          null,
          null,
          1,
          null,
          1,
          1,
          null,
          1,
          null,
          null,
          null,
          null,
          null,
          null,
          1,
          null,
          null
        ]
      },
      "/Users/cassieachzenick/turing/mod2/projects/adopt-dont-shop-solo/adopt_dont_shop/config/boot.rb": {
        "lines": [
          1,
          null,
          1
        ]
      },
      "/Users/cassieachzenick/turing/mod2/projects/adopt-dont-shop-solo/adopt_dont_shop/config/environments/test.rb": {
        "lines": [
          1,
          null,
          null,
          null,
          null,
          null,
          null,
          1,
          null,
          null,
          null,
          null,
          1,
          null,
          null,
          1,
          1,
          null,
          null,
          null,
          null,
          1,
          1,
          null,
          null,
          1,
          null,
          null,
          1,
          1,
          null,
          null,
          null,
          null,
          1,
          null,
          null,
          1,
          null,
          null,
          null,
          null
        ]
      },
      "/Users/cassieachzenick/turing/mod2/projects/adopt-dont-shop-solo/adopt_dont_shop/config/initializers/application_controller_renderer.rb": {
        "lines": [
          null,
          null,
          null,
          null,
          null,
          null,
          null,
          null
        ]
      },
      "/Users/cassieachzenick/turing/mod2/projects/adopt-dont-shop-solo/adopt_dont_shop/config/initializers/assets.rb": {
        "lines": [
          null,
          null,
          null,
          1,
          null,
          null,
          null,
          null,
          1,
          null,
          null,
          null,
          null,
          null
        ]
      },
      "/Users/cassieachzenick/turing/mod2/projects/adopt-dont-shop-solo/adopt_dont_shop/config/initializers/backtrace_silencers.rb": {
        "lines": [
          null,
          null,
          null,
          null,
          null,
          null,
          null
        ]
      },
      "/Users/cassieachzenick/turing/mod2/projects/adopt-dont-shop-solo/adopt_dont_shop/config/initializers/cookies_serializer.rb": {
        "lines": [
          null,
          null,
          null,
          null,
          1
        ]
      },
      "/Users/cassieachzenick/turing/mod2/projects/adopt-dont-shop-solo/adopt_dont_shop/config/initializers/filter_parameter_logging.rb": {
        "lines": [
          null,
          null,
          null,
          1
        ]
      },
      "/Users/cassieachzenick/turing/mod2/projects/adopt-dont-shop-solo/adopt_dont_shop/config/initializers/inflections.rb": {
        "lines": [
          null,
          null,
          null,
          null,
          null,
          null,
          null,
          null,
          null,
          null,
          null,
          null,
          null,
          null,
          null,
          null
        ]
      },
      "/Users/cassieachzenick/turing/mod2/projects/adopt-dont-shop-solo/adopt_dont_shop/config/initializers/mime_types.rb": {
        "lines": [
          null,
          null,
          null,
          null
        ]
      },
      "/Users/cassieachzenick/turing/mod2/projects/adopt-dont-shop-solo/adopt_dont_shop/config/initializers/wrap_parameters.rb": {
        "lines": [
          null,
          null,
          null,
          null,
          null,
          null,
          1,
          2,
          null,
          null,
          null,
          null,
          null,
          null
        ]
      },
      "/Users/cassieachzenick/turing/mod2/projects/adopt-dont-shop-solo/adopt_dont_shop/config/routes.rb": {
        "lines": [
          1,
          null,
          1,
          1,
          1,
          1,
          1,
          1,
          1,
          1,
          null,
          1,
          1,
          1,
          1,
          1,
          1,
          1,
          1,
          null
        ]
      },
      "/Users/cassieachzenick/turing/mod2/projects/adopt-dont-shop-solo/adopt_dont_shop/app/helpers/application_helper.rb": {
        "lines": [
          1,
          null
        ]
      },
      "/Users/cassieachzenick/turing/mod2/projects/adopt-dont-shop-solo/adopt_dont_shop/spec/features/pets/visitor_can_delete_pet_from_index_or_shelter_pets_index_page_spec.rb": {
        "lines": [
          1,
          null,
          1,
          1,
          1,
          1,
          null,
          1,
          1,
          1,
          null,
          1,
          null,
          1,
          null,
          1,
          null,
          1,
          null,
          1,
          1,
          1,
          1,
          null,
          null,
          1,
          1,
          1,
          null,
          1,
          1,
          1,
          null,
          1,
          null,
          1,
          null,
          1,
          null,
          1,
          null,
          1,
          1,
          1,
          1,
          null,
          null
        ]
      },
      "/Users/cassieachzenick/turing/mod2/projects/adopt-dont-shop-solo/adopt_dont_shop/spec/features/pets/visitor_can_delete_pets_spec.rb": {
        "lines": [
          1,
          null,
          1,
          1,
          1,
          1,
          null,
          1,
          1,
          null,
          1,
          null,
          1,
          null,
          1,
          null,
          1,
          null,
          1,
          1,
          1,
          1,
          1,
          1,
          1,
          1,
          null,
          null,
          null
        ]
      },
      "/Users/cassieachzenick/turing/mod2/projects/adopt-dont-shop-solo/adopt_dont_shop/spec/features/pets/visitor_can_edit_pet_info_from_pets_index_or_shelter_pets_index_page_spec.rb": {
        "lines": [
          1,
          null,
          1,
          1,
          1,
          1,
          null,
          1,
          1,
          1,
          null,
          1,
          null,
          1,
          null,
          1,
          null,
          1,
          null,
          1,
          1,
          1,
          1,
          1,
          null,
          1,
          null,
          1,
          null,
          1,
          null,
          1,
          1,
          1,
          1,
          null,
          null,
          1,
          1,
          1,
          null,
          1,
          1,
          1,
          null,
          1,
          null,
          1,
          null,
          1,
          null,
          1,
          null,
          1,
          1,
          1,
          1,
          1,
          null,
          1,
          null,
          1,
          null,
          1,
          null,
          1,
          1,
          1,
          1,
          null,
          null
        ]
      },
      "/Users/cassieachzenick/turing/mod2/projects/adopt-dont-shop-solo/adopt_dont_shop/spec/features/pets/visitor_can_see_all_pets_spec.rb": {
        "lines": [
          1,
          null,
          1,
          1,
          1,
          1,
          null,
          1,
          1,
          null,
          1,
          null,
          1,
          null,
          1,
          1,
          1,
          null,
          1,
          null,
          1,
          1,
          1,
          null,
          null
        ]
      },
      "/Users/cassieachzenick/turing/mod2/projects/adopt-dont-shop-solo/adopt_dont_shop/spec/features/pets/visitor_can_see_pet_details_by_id_spec.rb": {
        "lines": [
          1,
          null,
          1,
          1,
          1,
          1,
          null,
          1,
          1,
          null,
          1,
          null,
          1,
          null,
          1,
          1,
          1,
          1,
          null,
          1,
          null,
          1,
          null,
          1,
          1,
          1,
          1,
          null,
          null
        ]
      },
      "/Users/cassieachzenick/turing/mod2/projects/adopt-dont-shop-solo/adopt_dont_shop/spec/features/pets/visitor_can_update_pets_spec.rb": {
        "lines": [
          1,
          null,
          1,
          1,
          null,
          1,
          null,
          1,
          null,
          1,
          null,
          1,
          null,
          1,
          null,
          1,
          null,
          1,
          1,
          1,
          1,
          1,
          null,
          1,
          null,
          1,
          null,
          1,
          null,
          1,
          1,
          1,
          1,
          null,
          null
        ]
      },
      "/Users/cassieachzenick/turing/mod2/projects/adopt-dont-shop-solo/adopt_dont_shop/spec/features/pets/visitor_can_view_pets_in_shelter_spec.rb": {
        "lines": [
          1,
          null,
          1,
          1,
          1,
          1,
          null,
          1,
          1,
          1,
          null,
          1,
          null,
          1,
          null,
          1,
          1,
          1,
          null,
          1,
          null,
          1,
          1,
          1,
          null,
          1,
          null,
          1,
          null,
          1,
          1,
          1,
          null,
          null
        ]
      },
      "/Users/cassieachzenick/turing/mod2/projects/adopt-dont-shop-solo/adopt_dont_shop/spec/features/shelters/visitor_can_add_a_new_shelter_spec.rb": {
        "lines": [
          1,
          null,
          1,
          1,
          null,
          1,
          null,
          1,
          null,
          1,
          null,
          1,
          null,
          1,
          1,
          1,
          1,
          1,
          null,
          1,
          null,
          1,
          null,
          1,
          null,
          1,
          null,
          null
        ]
      },
      "/Users/cassieachzenick/turing/mod2/projects/adopt-dont-shop-solo/adopt_dont_shop/spec/features/shelters/visitor_can_delete_a_shelter_spec.rb": {
        "lines": [
          1,
          null,
          1,
          1,
          1,
          null,
          1,
          null,
          1,
          null,
          1,
          null,
          1,
          null,
          1,
          null,
          null
        ]
      },
      "/Users/cassieachzenick/turing/mod2/projects/adopt-dont-shop-solo/adopt_dont_shop/spec/features/shelters/visitor_can_delete_shelter_from_index_page_spec.rb": {
        "lines": [
          1,
          null,
          1,
          1,
          1,
          1,
          null,
          1,
          null,
          1,
          null,
          1,
          null,
          1,
          null,
          1,
          1,
          null,
          null
        ]
      },
      "/Users/cassieachzenick/turing/mod2/projects/adopt-dont-shop-solo/adopt_dont_shop/spec/features/shelters/visitor_can_update_shelter_info_from_shelter_index_page_spec.rb": {
        "lines": [
          1,
          null,
          1,
          1,
          1,
          1,
          null,
          1,
          null,
          1,
          null,
          1,
          null,
          1,
          null,
          1,
          1,
          1,
          1,
          1,
          null,
          1,
          null,
          1,
          null,
          1,
          null,
          1,
          1,
          1,
          1,
          1,
          null,
          null
        ]
      },
      "/Users/cassieachzenick/turing/mod2/projects/adopt-dont-shop-solo/adopt_dont_shop/spec/features/shelters/visitor_can_update_shelter_information_spec.rb": {
        "lines": [
          1,
          null,
          1,
          1,
          1,
          null,
          1,
          null,
          1,
          null,
          1,
          null,
          1,
          null,
          1,
          1,
          1,
          1,
          1,
          null,
          1,
          null,
          1,
          null,
          1,
          null,
          1,
          1,
          1,
          1,
          1,
          null,
          null
        ]
      },
      "/Users/cassieachzenick/turing/mod2/projects/adopt-dont-shop-solo/adopt_dont_shop/spec/features/shelters/visitor_sees_list_of_shelters_spec.rb": {
        "lines": [
          1,
          null,
          1,
          1,
          1,
          1,
          1,
          null,
          1,
          null,
          1,
          1,
          1,
          null,
          null
        ]
      },
      "/Users/cassieachzenick/turing/mod2/projects/adopt-dont-shop-solo/adopt_dont_shop/spec/features/shelters/visitor_sees_specific_information_for_specific_shleter_spec.rb": {
        "lines": [
          1,
          null,
          1,
          1,
          1,
          1,
          1,
          null,
          1,
          null,
          1,
          1,
          1,
          1,
          1,
          null,
          1,
          null,
          1,
          1,
          1,
          1,
          1,
          null,
          1,
          null,
          1,
          1,
          1,
          1,
          1,
          null,
          null
        ]
      },
      "/Users/cassieachzenick/turing/mod2/projects/adopt-dont-shop-solo/adopt_dont_shop/app/models/shelter.rb": {
        "lines": [
          1,
          1,
          null
        ]
      },
      "/Users/cassieachzenick/turing/mod2/projects/adopt-dont-shop-solo/adopt_dont_shop/app/models/application_record.rb": {
        "lines": [
          1,
          1,
          null
        ]
      },
      "/Users/cassieachzenick/turing/mod2/projects/adopt-dont-shop-solo/adopt_dont_shop/app/models/pet.rb": {
        "lines": [
          1,
          1,
          1,
          null,
          null
        ]
      },
      "/Users/cassieachzenick/turing/mod2/projects/adopt-dont-shop-solo/adopt_dont_shop/app/controllers/pets_controller.rb": {
        "lines": [
          1,
          null,
          1,
          6,
          null,
          null,
          1,
          6,
          null,
          null,
          1,
          7,
          null,
          null,
          1,
          1,
          null,
          null,
          1,
          1,
          1,
          null,
          1,
          null,
          null,
          1,
          3,
          null,
          null,
          1,
          3,
          3,
          3,
          null,
          null,
          1,
          3,
          3,
          null,
          null,
          1,
          1,
          4,
          null,
          null
        ]
      },
      "/Users/cassieachzenick/turing/mod2/projects/adopt-dont-shop-solo/adopt_dont_shop/app/controllers/application_controller.rb": {
        "lines": [
          1,
          1,
          null
        ]
      },
      "/Users/cassieachzenick/turing/mod2/projects/adopt-dont-shop-solo/adopt_dont_shop/app/controllers/shelters_controller.rb": {
        "lines": [
          1,
          1,
          7,
          null,
          null,
          1,
          7,
          null,
          null,
          1,
          1,
          null,
          null,
          1,
          1,
          1,
          null,
          null,
          1,
          2,
          null,
          null,
          1,
          2,
          2,
          2,
          null,
          null,
          1,
          2,
          2,
          null,
          null,
          1,
          1,
          3,
          null,
          null
        ]
      }
    },
    "timestamp": 1580610315
  }
}
